<?xml version="1.0" encoding="UTF-8"?>
<testsuite xmlns:xsi="http://www.w3.org/2001/XMLSchema-instance" xsi:noNamespaceSchemaLocation="https://maven.apache.org/surefire/maven-surefire-plugin/xsd/surefire-test-report-3.0.xsd" version="3.0" name="TestSuite" time="13.822" tests="1" errors="0" skipped="0" failures="0">
  <properties>
[...]
</properties>
  <testcase name="runScenario[&quot;Trending Section Page&quot;, &quot;Optional[Youtube Trending Videos]&quot;](1)" classname="TestRunner" time="12.301">
    <system-out><![CDATA[
Scenario: Trending Section Page     &amp#27;[90m# src/test/resource/Trending.feature:2&amp#27;[0m
  &amp#27;[32mGiven &amp#27;[0m&amp#27;[32mUser Is On YouTube Homepage&amp#27;[0m &amp#27;[90m# StepDefinitions.StepDefinition.user_is_on_youtube_homepage()&amp#27;[0m
  &amp#27;[32mWhen &amp#27;[0m&amp#27;[32mUser Clicks Trending Grid&amp#27;[0m    &amp#27;[90m# StepDefinitions.StepDefinition.user_clicks_trending_grid()&amp#27;[0m
  &amp#27;[32mThen &amp#27;[0m&amp#27;[32mScreenshot Trending Videos&amp#27;[0m   &amp#27;[90m# StepDefinitions.StepDefinition.screenshot_trending_videos()&amp#27;[0m
]]></system-out>
    <system-err><![CDATA[Starting ChromeDriver 87.0.4280.20 (c99e81631faa0b2a448e658c0dbd8311fb04ddbd-refs/branch-heads/4280@{#355}) on port 39314
Only local connections are allowed.
Please see https://chromedriver.chromium.org/security-considerations for suggestions on keeping ChromeDriver safe.
ChromeDriver was started successfully.
Dec 05, 2020 2:59:32 PM org.openqa.selenium.remote.ProtocolHandshake createSession
INFO: Detected dialect: W3C
]]></system-err>
  </testcase>
</testsuite>