<?xml version="1.0" encoding="UTF-8"?>
<testng-results ignored="0" total="1" passed="1" failed="0" skipped="0">
  <reporter-output>
  </reporter-output>
  <suite started-at="2020-12-05T14:59:28 IST" name="Suite1" finished-at="2020-12-05T14:59:40 IST" duration-ms="12814">
    <groups>
      <group name="cucumber">
        <method signature="TestRunner.runScenario(io.cucumber.testng.PickleWrapper, io.cucumber.testng.FeatureWrapper)[pri:0, instance:TestRunner@61386958]" name="runScenario" class="TestRunner"/>
      </group> <!-- cucumber -->
    </groups>
    <test started-at="2020-12-05T14:59:28 IST" name="test1" finished-at="2020-12-05T14:59:40 IST" duration-ms="12814">
      <class name="TestRunner">
        <test-method is-config="true" signature="setUpClass()[pri:0, instance:TestRunner@61386958]" started-at="2020-12-05T14:59:28 IST" name="setUpClass" finished-at="2020-12-05T14:59:28 IST" duration-ms="434" status="PASS">
          <reporter-output>
          </reporter-output>
        </test-method> <!-- setUpClass -->
        <test-method signature="runScenario(io.cucumber.testng.PickleWrapper, io.cucumber.testng.FeatureWrapper)[pri:0, instance:TestRunner@61386958]" started-at="2020-12-05T14:59:28 IST" name="runScenario" description="Runs Cucumber Scenarios" data-provider="scenarios" finished-at="2020-12-05T14:59:40 IST" duration-ms="12225" status="PASS">
          <params>
            <param index="0">
              <value>
                <![CDATA["Trending Section Page"]]>
              </value>
            </param>
            <param index="1">
              <value>
                <![CDATA["Optional[Youtube Trending Videos]"]]>
              </value>
            </param>
          </params>
          <reporter-output>
          </reporter-output>
        </test-method> <!-- runScenario -->
        <test-method is-config="true" signature="tearDownClass()[pri:0, instance:TestRunner@61386958]" started-at="2020-12-05T14:59:40 IST" name="tearDownClass" finished-at="2020-12-05T14:59:40 IST" duration-ms="108" status="PASS">
          <reporter-output>
          </reporter-output>
        </test-method> <!-- tearDownClass -->
      </class> <!-- TestRunner -->
    </test> <!-- test1 -->
  </suite> <!-- Suite1 -->
</testng-results>
